F:\sTuDy\fReeLanCer\Apptus\Jewellery\Jewellery\Jewellery.Web\common\directives\ItemDirective.js
F:\sTuDy\fReeLanCer\Apptus\Jewellery\Jewellery\Jewellery.Web\common\directives\ItemDirective.js.map
F:\sTuDy\fReeLanCer\Apptus\Jewellery\Jewellery\Jewellery.Web\common\directives\DesignDirective.js
F:\sTuDy\fReeLanCer\Apptus\Jewellery\Jewellery\Jewellery.Web\common\directives\DesignDirective.js.map
F:\sTuDy\fReeLanCer\Apptus\Jewellery\Jewellery\Jewellery.Web\common\JewelleryModule.js
F:\sTuDy\fReeLanCer\Apptus\Jewellery\Jewellery\Jewellery.Web\common\JewelleryModule.js.map
F:\sTuDy\fReeLanCer\Apptus\Jewellery\Jewellery\Jewellery.Web\common\services\CRUDOperations.js
F:\sTuDy\fReeLanCer\Apptus\Jewellery\Jewellery\Jewellery.Web\common\services\CRUDOperations.js.map
F:\sTuDy\fReeLanCer\Apptus\Jewellery\Jewellery\Jewellery.Web\common\utilities\enum.js
F:\sTuDy\fReeLanCer\Apptus\Jewellery\Jewellery\Jewellery.Web\common\utilities\enum.js.map
F:\sTuDy\fReeLanCer\Apptus\Jewellery\Jewellery\Jewellery.Web\common\utilities\StringUtilities.js
F:\sTuDy\fReeLanCer\Apptus\Jewellery\Jewellery\Jewellery.Web\common\utilities\StringUtilities.js.map
F:\sTuDy\fReeLanCer\Apptus\Jewellery\Jewellery\Jewellery.Web\common\controller\HomeController.js
F:\sTuDy\fReeLanCer\Apptus\Jewellery\Jewellery\Jewellery.Web\common\controller\HomeController.js.map
F:\sTuDy\fReeLanCer\Apptus\Jewellery\Jewellery\Jewellery.Web\Designs\controllers\DesignController.js
F:\sTuDy\fReeLanCer\Apptus\Jewellery\Jewellery\Jewellery.Web\Designs\controllers\DesignController.js.map
F:\sTuDy\fReeLanCer\Apptus\Jewellery\Jewellery\Jewellery.Web\Designs\model\Design.js
F:\sTuDy\fReeLanCer\Apptus\Jewellery\Jewellery\Jewellery.Web\Designs\model\Design.js.map
F:\sTuDy\fReeLanCer\Apptus\Jewellery\Jewellery\Jewellery.Web\Designs\services\DesignerService.js
F:\sTuDy\fReeLanCer\Apptus\Jewellery\Jewellery\Jewellery.Web\Designs\services\DesignerService.js.map
F:\sTuDy\fReeLanCer\Apptus\Jewellery\Jewellery\Jewellery.Web\Items\service\ItemService.js
F:\sTuDy\fReeLanCer\Apptus\Jewellery\Jewellery\Jewellery.Web\Items\service\ItemService.js.map
F:\sTuDy\fReeLanCer\Apptus\Jewellery\Jewellery\Jewellery.Web\common\directives\ItemDirective.js
F:\sTuDy\fReeLanCer\Apptus\Jewellery\Jewellery\Jewellery.Web\common\directives\ItemDirective.js.map
F:\sTuDy\fReeLanCer\Apptus\Jewellery\Jewellery\Jewellery.Web\common\directives\DesignDirective.js
F:\sTuDy\fReeLanCer\Apptus\Jewellery\Jewellery\Jewellery.Web\common\directives\DesignDirective.js.map
F:\sTuDy\fReeLanCer\Apptus\Jewellery\Jewellery\Jewellery.Web\common\JewelleryModule.js
F:\sTuDy\fReeLanCer\Apptus\Jewellery\Jewellery\Jewellery.Web\common\JewelleryModule.js.map
F:\sTuDy\fReeLanCer\Apptus\Jewellery\Jewellery\Jewellery.Web\common\services\CRUDOperations.js
F:\sTuDy\fReeLanCer\Apptus\Jewellery\Jewellery\Jewellery.Web\common\services\CRUDOperations.js.map
F:\sTuDy\fReeLanCer\Apptus\Jewellery\Jewellery\Jewellery.Web\common\utilities\enum.js
F:\sTuDy\fReeLanCer\Apptus\Jewellery\Jewellery\Jewellery.Web\common\utilities\enum.js.map
F:\sTuDy\fReeLanCer\Apptus\Jewellery\Jewellery\Jewellery.Web\common\utilities\StringUtilities.js
F:\sTuDy\fReeLanCer\Apptus\Jewellery\Jewellery\Jewellery.Web\common\utilities\StringUtilities.js.map
F:\sTuDy\fReeLanCer\Apptus\Jewellery\Jewellery\Jewellery.Web\common\controller\HomeController.js
F:\sTuDy\fReeLanCer\Apptus\Jewellery\Jewellery\Jewellery.Web\common\controller\HomeController.js.map
F:\sTuDy\fReeLanCer\Apptus\Jewellery\Jewellery\Jewellery.Web\Designs\controllers\DesignController.js
F:\sTuDy\fReeLanCer\Apptus\Jewellery\Jewellery\Jewellery.Web\Designs\controllers\DesignController.js.map
F:\sTuDy\fReeLanCer\Apptus\Jewellery\Jewellery\Jewellery.Web\Designs\model\Design.js
F:\sTuDy\fReeLanCer\Apptus\Jewellery\Jewellery\Jewellery.Web\Designs\model\Design.js.map
F:\sTuDy\fReeLanCer\Apptus\Jewellery\Jewellery\Jewellery.Web\Designs\services\DesignerService.js
F:\sTuDy\fReeLanCer\Apptus\Jewellery\Jewellery\Jewellery.Web\Designs\services\DesignerService.js.map
F:\sTuDy\fReeLanCer\Apptus\Jewellery\Jewellery\Jewellery.Web\Items\service\ItemService.js
F:\sTuDy\fReeLanCer\Apptus\Jewellery\Jewellery\Jewellery.Web\Items\service\ItemService.js.map
F:\sTuDy\fReeLanCer\Apptus\Jewellery\Jewellery\Jewellery.Web\common\directives\ItemDirective.js
F:\sTuDy\fReeLanCer\Apptus\Jewellery\Jewellery\Jewellery.Web\common\directives\ItemDirective.js.map
F:\sTuDy\fReeLanCer\Apptus\Jewellery\Jewellery\Jewellery.Web\common\directives\DesignDirective.js
F:\sTuDy\fReeLanCer\Apptus\Jewellery\Jewellery\Jewellery.Web\common\directives\DesignDirective.js.map
F:\sTuDy\fReeLanCer\Apptus\Jewellery\Jewellery\Jewellery.Web\common\JewelleryModule.js
F:\sTuDy\fReeLanCer\Apptus\Jewellery\Jewellery\Jewellery.Web\common\JewelleryModule.js.map
F:\sTuDy\fReeLanCer\Apptus\Jewellery\Jewellery\Jewellery.Web\common\services\CRUDOperations.js
F:\sTuDy\fReeLanCer\Apptus\Jewellery\Jewellery\Jewellery.Web\common\services\CRUDOperations.js.map
F:\sTuDy\fReeLanCer\Apptus\Jewellery\Jewellery\Jewellery.Web\common\utilities\enum.js
F:\sTuDy\fReeLanCer\Apptus\Jewellery\Jewellery\Jewellery.Web\common\utilities\enum.js.map
F:\sTuDy\fReeLanCer\Apptus\Jewellery\Jewellery\Jewellery.Web\common\utilities\StringUtilities.js
F:\sTuDy\fReeLanCer\Apptus\Jewellery\Jewellery\Jewellery.Web\common\utilities\StringUtilities.js.map
F:\sTuDy\fReeLanCer\Apptus\Jewellery\Jewellery\Jewellery.Web\common\controller\HomeController.js
F:\sTuDy\fReeLanCer\Apptus\Jewellery\Jewellery\Jewellery.Web\common\controller\HomeController.js.map
F:\sTuDy\fReeLanCer\Apptus\Jewellery\Jewellery\Jewellery.Web\Designs\controllers\DesignController.js
F:\sTuDy\fReeLanCer\Apptus\Jewellery\Jewellery\Jewellery.Web\Designs\controllers\DesignController.js.map
F:\sTuDy\fReeLanCer\Apptus\Jewellery\Jewellery\Jewellery.Web\Designs\model\Design.js
F:\sTuDy\fReeLanCer\Apptus\Jewellery\Jewellery\Jewellery.Web\Designs\model\Design.js.map
F:\sTuDy\fReeLanCer\Apptus\Jewellery\Jewellery\Jewellery.Web\Designs\services\DesignerService.js
F:\sTuDy\fReeLanCer\Apptus\Jewellery\Jewellery\Jewellery.Web\Designs\services\DesignerService.js.map
F:\sTuDy\fReeLanCer\Apptus\Jewellery\Jewellery\Jewellery.Web\Items\service\ItemService.js
F:\sTuDy\fReeLanCer\Apptus\Jewellery\Jewellery\Jewellery.Web\Items\service\ItemService.js.map
F:\sTuDy\fReeLanCer\Apptus\Jewellery\Jewellery\Jewellery.Web\common\directives\ItemDirective.js
F:\sTuDy\fReeLanCer\Apptus\Jewellery\Jewellery\Jewellery.Web\common\directives\ItemDirective.js.map
F:\sTuDy\fReeLanCer\Apptus\Jewellery\Jewellery\Jewellery.Web\common\directives\DesignDirective.js
F:\sTuDy\fReeLanCer\Apptus\Jewellery\Jewellery\Jewellery.Web\common\directives\DesignDirective.js.map
F:\sTuDy\fReeLanCer\Apptus\Jewellery\Jewellery\Jewellery.Web\common\JewelleryModule.js
F:\sTuDy\fReeLanCer\Apptus\Jewellery\Jewellery\Jewellery.Web\common\JewelleryModule.js.map
F:\sTuDy\fReeLanCer\Apptus\Jewellery\Jewellery\Jewellery.Web\common\services\CRUDOperations.js
F:\sTuDy\fReeLanCer\Apptus\Jewellery\Jewellery\Jewellery.Web\common\services\CRUDOperations.js.map
F:\sTuDy\fReeLanCer\Apptus\Jewellery\Jewellery\Jewellery.Web\common\utilities\enum.js
F:\sTuDy\fReeLanCer\Apptus\Jewellery\Jewellery\Jewellery.Web\common\utilities\enum.js.map
F:\sTuDy\fReeLanCer\Apptus\Jewellery\Jewellery\Jewellery.Web\common\utilities\StringUtilities.js
F:\sTuDy\fReeLanCer\Apptus\Jewellery\Jewellery\Jewellery.Web\common\utilities\StringUtilities.js.map
F:\sTuDy\fReeLanCer\Apptus\Jewellery\Jewellery\Jewellery.Web\common\controller\HomeController.js
F:\sTuDy\fReeLanCer\Apptus\Jewellery\Jewellery\Jewellery.Web\common\controller\HomeController.js.map
F:\sTuDy\fReeLanCer\Apptus\Jewellery\Jewellery\Jewellery.Web\Designs\controllers\DesignController.js
F:\sTuDy\fReeLanCer\Apptus\Jewellery\Jewellery\Jewellery.Web\Designs\controllers\DesignController.js.map
F:\sTuDy\fReeLanCer\Apptus\Jewellery\Jewellery\Jewellery.Web\Designs\model\Design.js
F:\sTuDy\fReeLanCer\Apptus\Jewellery\Jewellery\Jewellery.Web\Designs\model\Design.js.map
F:\sTuDy\fReeLanCer\Apptus\Jewellery\Jewellery\Jewellery.Web\Designs\services\DesignerService.js
F:\sTuDy\fReeLanCer\Apptus\Jewellery\Jewellery\Jewellery.Web\Designs\services\DesignerService.js.map
F:\sTuDy\fReeLanCer\Apptus\Jewellery\Jewellery\Jewellery.Web\Items\service\ItemService.js
F:\sTuDy\fReeLanCer\Apptus\Jewellery\Jewellery\Jewellery.Web\Items\service\ItemService.js.map
F:\sTuDy\fReeLanCer\Apptus\Jewellery\Jewellery\Jewellery.Web\common\directives\ItemDirective.js
F:\sTuDy\fReeLanCer\Apptus\Jewellery\Jewellery\Jewellery.Web\common\directives\ItemDirective.js.map
F:\sTuDy\fReeLanCer\Apptus\Jewellery\Jewellery\Jewellery.Web\common\directives\DesignDirective.js
F:\sTuDy\fReeLanCer\Apptus\Jewellery\Jewellery\Jewellery.Web\common\directives\DesignDirective.js.map
F:\sTuDy\fReeLanCer\Apptus\Jewellery\Jewellery\Jewellery.Web\common\JewelleryModule.js
F:\sTuDy\fReeLanCer\Apptus\Jewellery\Jewellery\Jewellery.Web\common\JewelleryModule.js.map
F:\sTuDy\fReeLanCer\Apptus\Jewellery\Jewellery\Jewellery.Web\common\services\CRUDOperations.js
F:\sTuDy\fReeLanCer\Apptus\Jewellery\Jewellery\Jewellery.Web\common\services\CRUDOperations.js.map
F:\sTuDy\fReeLanCer\Apptus\Jewellery\Jewellery\Jewellery.Web\common\utilities\enum.js
F:\sTuDy\fReeLanCer\Apptus\Jewellery\Jewellery\Jewellery.Web\common\utilities\enum.js.map
F:\sTuDy\fReeLanCer\Apptus\Jewellery\Jewellery\Jewellery.Web\common\utilities\StringUtilities.js
F:\sTuDy\fReeLanCer\Apptus\Jewellery\Jewellery\Jewellery.Web\common\utilities\StringUtilities.js.map
F:\sTuDy\fReeLanCer\Apptus\Jewellery\Jewellery\Jewellery.Web\common\controller\HomeController.js
F:\sTuDy\fReeLanCer\Apptus\Jewellery\Jewellery\Jewellery.Web\common\controller\HomeController.js.map
F:\sTuDy\fReeLanCer\Apptus\Jewellery\Jewellery\Jewellery.Web\Designs\controllers\DesignController.js
F:\sTuDy\fReeLanCer\Apptus\Jewellery\Jewellery\Jewellery.Web\Designs\controllers\DesignController.js.map
F:\sTuDy\fReeLanCer\Apptus\Jewellery\Jewellery\Jewellery.Web\Designs\model\Design.js
F:\sTuDy\fReeLanCer\Apptus\Jewellery\Jewellery\Jewellery.Web\Designs\model\Design.js.map
F:\sTuDy\fReeLanCer\Apptus\Jewellery\Jewellery\Jewellery.Web\Designs\services\DesignerService.js
F:\sTuDy\fReeLanCer\Apptus\Jewellery\Jewellery\Jewellery.Web\Designs\services\DesignerService.js.map
F:\sTuDy\fReeLanCer\Apptus\Jewellery\Jewellery\Jewellery.Web\Items\service\ItemService.js
F:\sTuDy\fReeLanCer\Apptus\Jewellery\Jewellery\Jewellery.Web\Items\service\ItemService.js.map
F:\sTuDy\fReeLanCer\Apptus\Jewellery\Jewellery\Jewellery.Web\common\directives\ItemDirective.js
F:\sTuDy\fReeLanCer\Apptus\Jewellery\Jewellery\Jewellery.Web\common\directives\ItemDirective.js.map
F:\sTuDy\fReeLanCer\Apptus\Jewellery\Jewellery\Jewellery.Web\common\directives\DesignDirective.js
F:\sTuDy\fReeLanCer\Apptus\Jewellery\Jewellery\Jewellery.Web\common\directives\DesignDirective.js.map
F:\sTuDy\fReeLanCer\Apptus\Jewellery\Jewellery\Jewellery.Web\common\JewelleryModule.js
F:\sTuDy\fReeLanCer\Apptus\Jewellery\Jewellery\Jewellery.Web\common\JewelleryModule.js.map
F:\sTuDy\fReeLanCer\Apptus\Jewellery\Jewellery\Jewellery.Web\common\services\CRUDOperations.js
F:\sTuDy\fReeLanCer\Apptus\Jewellery\Jewellery\Jewellery.Web\common\services\CRUDOperations.js.map
F:\sTuDy\fReeLanCer\Apptus\Jewellery\Jewellery\Jewellery.Web\common\utilities\enum.js
F:\sTuDy\fReeLanCer\Apptus\Jewellery\Jewellery\Jewellery.Web\common\utilities\enum.js.map
F:\sTuDy\fReeLanCer\Apptus\Jewellery\Jewellery\Jewellery.Web\common\utilities\StringUtilities.js
F:\sTuDy\fReeLanCer\Apptus\Jewellery\Jewellery\Jewellery.Web\common\utilities\StringUtilities.js.map
F:\sTuDy\fReeLanCer\Apptus\Jewellery\Jewellery\Jewellery.Web\common\controller\HomeController.js
F:\sTuDy\fReeLanCer\Apptus\Jewellery\Jewellery\Jewellery.Web\common\controller\HomeController.js.map
F:\sTuDy\fReeLanCer\Apptus\Jewellery\Jewellery\Jewellery.Web\Designs\controllers\DesignController.js
F:\sTuDy\fReeLanCer\Apptus\Jewellery\Jewellery\Jewellery.Web\Designs\controllers\DesignController.js.map
F:\sTuDy\fReeLanCer\Apptus\Jewellery\Jewellery\Jewellery.Web\Designs\model\Design.js
F:\sTuDy\fReeLanCer\Apptus\Jewellery\Jewellery\Jewellery.Web\Designs\model\Design.js.map
F:\sTuDy\fReeLanCer\Apptus\Jewellery\Jewellery\Jewellery.Web\Designs\services\DesignerService.js
F:\sTuDy\fReeLanCer\Apptus\Jewellery\Jewellery\Jewellery.Web\Designs\services\DesignerService.js.map
F:\sTuDy\fReeLanCer\Apptus\Jewellery\Jewellery\Jewellery.Web\Items\service\ItemService.js
F:\sTuDy\fReeLanCer\Apptus\Jewellery\Jewellery\Jewellery.Web\Items\service\ItemService.js.map
F:\sTuDy\fReeLanCer\Apptus\Jewellery\Jewellery\Jewellery.Web\common\directives\ItemDirective.js
F:\sTuDy\fReeLanCer\Apptus\Jewellery\Jewellery\Jewellery.Web\common\directives\ItemDirective.js.map
F:\sTuDy\fReeLanCer\Apptus\Jewellery\Jewellery\Jewellery.Web\common\directives\DesignDirective.js
F:\sTuDy\fReeLanCer\Apptus\Jewellery\Jewellery\Jewellery.Web\common\directives\DesignDirective.js.map
F:\sTuDy\fReeLanCer\Apptus\Jewellery\Jewellery\Jewellery.Web\common\JewelleryModule.js
F:\sTuDy\fReeLanCer\Apptus\Jewellery\Jewellery\Jewellery.Web\common\JewelleryModule.js.map
F:\sTuDy\fReeLanCer\Apptus\Jewellery\Jewellery\Jewellery.Web\common\services\CRUDOperations.js
F:\sTuDy\fReeLanCer\Apptus\Jewellery\Jewellery\Jewellery.Web\common\services\CRUDOperations.js.map
F:\sTuDy\fReeLanCer\Apptus\Jewellery\Jewellery\Jewellery.Web\common\utilities\enum.js
F:\sTuDy\fReeLanCer\Apptus\Jewellery\Jewellery\Jewellery.Web\common\utilities\enum.js.map
F:\sTuDy\fReeLanCer\Apptus\Jewellery\Jewellery\Jewellery.Web\common\utilities\StringUtilities.js
F:\sTuDy\fReeLanCer\Apptus\Jewellery\Jewellery\Jewellery.Web\common\utilities\StringUtilities.js.map
F:\sTuDy\fReeLanCer\Apptus\Jewellery\Jewellery\Jewellery.Web\common\controller\HomeController.js
F:\sTuDy\fReeLanCer\Apptus\Jewellery\Jewellery\Jewellery.Web\common\controller\HomeController.js.map
F:\sTuDy\fReeLanCer\Apptus\Jewellery\Jewellery\Jewellery.Web\Designs\controllers\DesignController.js
F:\sTuDy\fReeLanCer\Apptus\Jewellery\Jewellery\Jewellery.Web\Designs\controllers\DesignController.js.map
F:\sTuDy\fReeLanCer\Apptus\Jewellery\Jewellery\Jewellery.Web\Designs\model\Design.js
F:\sTuDy\fReeLanCer\Apptus\Jewellery\Jewellery\Jewellery.Web\Designs\model\Design.js.map
F:\sTuDy\fReeLanCer\Apptus\Jewellery\Jewellery\Jewellery.Web\Designs\services\DesignerService.js
F:\sTuDy\fReeLanCer\Apptus\Jewellery\Jewellery\Jewellery.Web\Designs\services\DesignerService.js.map
F:\sTuDy\fReeLanCer\Apptus\Jewellery\Jewellery\Jewellery.Web\Items\service\ItemService.js
F:\sTuDy\fReeLanCer\Apptus\Jewellery\Jewellery\Jewellery.Web\Items\service\ItemService.js.map
F:\sTuDy\fReeLanCer\Apptus\Jewellery\Jewellery\Jewellery.Web\common\directives\ItemDirective.js
F:\sTuDy\fReeLanCer\Apptus\Jewellery\Jewellery\Jewellery.Web\common\directives\ItemDirective.js.map
F:\sTuDy\fReeLanCer\Apptus\Jewellery\Jewellery\Jewellery.Web\common\directives\DesignDirective.js
F:\sTuDy\fReeLanCer\Apptus\Jewellery\Jewellery\Jewellery.Web\common\directives\DesignDirective.js.map
F:\sTuDy\fReeLanCer\Apptus\Jewellery\Jewellery\Jewellery.Web\common\JewelleryModule.js
F:\sTuDy\fReeLanCer\Apptus\Jewellery\Jewellery\Jewellery.Web\common\JewelleryModule.js.map
F:\sTuDy\fReeLanCer\Apptus\Jewellery\Jewellery\Jewellery.Web\common\services\CRUDOperations.js
F:\sTuDy\fReeLanCer\Apptus\Jewellery\Jewellery\Jewellery.Web\common\services\CRUDOperations.js.map
F:\sTuDy\fReeLanCer\Apptus\Jewellery\Jewellery\Jewellery.Web\common\utilities\enum.js
F:\sTuDy\fReeLanCer\Apptus\Jewellery\Jewellery\Jewellery.Web\common\utilities\enum.js.map
F:\sTuDy\fReeLanCer\Apptus\Jewellery\Jewellery\Jewellery.Web\common\utilities\StringUtilities.js
F:\sTuDy\fReeLanCer\Apptus\Jewellery\Jewellery\Jewellery.Web\common\utilities\StringUtilities.js.map
F:\sTuDy\fReeLanCer\Apptus\Jewellery\Jewellery\Jewellery.Web\common\controller\HomeController.js
F:\sTuDy\fReeLanCer\Apptus\Jewellery\Jewellery\Jewellery.Web\common\controller\HomeController.js.map
F:\sTuDy\fReeLanCer\Apptus\Jewellery\Jewellery\Jewellery.Web\Designs\controllers\DesignController.js
F:\sTuDy\fReeLanCer\Apptus\Jewellery\Jewellery\Jewellery.Web\Designs\controllers\DesignController.js.map
F:\sTuDy\fReeLanCer\Apptus\Jewellery\Jewellery\Jewellery.Web\Designs\model\Design.js
F:\sTuDy\fReeLanCer\Apptus\Jewellery\Jewellery\Jewellery.Web\Designs\model\Design.js.map
F:\sTuDy\fReeLanCer\Apptus\Jewellery\Jewellery\Jewellery.Web\Designs\services\DesignerService.js
F:\sTuDy\fReeLanCer\Apptus\Jewellery\Jewellery\Jewellery.Web\Designs\services\DesignerService.js.map
F:\sTuDy\fReeLanCer\Apptus\Jewellery\Jewellery\Jewellery.Web\Items\service\ItemService.js
F:\sTuDy\fReeLanCer\Apptus\Jewellery\Jewellery\Jewellery.Web\Items\service\ItemService.js.map
F:\sTuDy\fReeLanCer\Apptus\Jewellery\Jewellery\Jewellery.Web\common\directives\ItemDirective.js
F:\sTuDy\fReeLanCer\Apptus\Jewellery\Jewellery\Jewellery.Web\common\directives\ItemDirective.js.map
F:\sTuDy\fReeLanCer\Apptus\Jewellery\Jewellery\Jewellery.Web\common\directives\DesignDirective.js
F:\sTuDy\fReeLanCer\Apptus\Jewellery\Jewellery\Jewellery.Web\common\directives\DesignDirective.js.map
F:\sTuDy\fReeLanCer\Apptus\Jewellery\Jewellery\Jewellery.Web\common\JewelleryModule.js
F:\sTuDy\fReeLanCer\Apptus\Jewellery\Jewellery\Jewellery.Web\common\JewelleryModule.js.map
F:\sTuDy\fReeLanCer\Apptus\Jewellery\Jewellery\Jewellery.Web\common\services\CRUDOperations.js
F:\sTuDy\fReeLanCer\Apptus\Jewellery\Jewellery\Jewellery.Web\common\services\CRUDOperations.js.map
F:\sTuDy\fReeLanCer\Apptus\Jewellery\Jewellery\Jewellery.Web\common\utilities\enum.js
F:\sTuDy\fReeLanCer\Apptus\Jewellery\Jewellery\Jewellery.Web\common\utilities\enum.js.map
F:\sTuDy\fReeLanCer\Apptus\Jewellery\Jewellery\Jewellery.Web\common\utilities\StringUtilities.js
F:\sTuDy\fReeLanCer\Apptus\Jewellery\Jewellery\Jewellery.Web\common\utilities\StringUtilities.js.map
F:\sTuDy\fReeLanCer\Apptus\Jewellery\Jewellery\Jewellery.Web\common\controller\HomeController.js
F:\sTuDy\fReeLanCer\Apptus\Jewellery\Jewellery\Jewellery.Web\common\controller\HomeController.js.map
F:\sTuDy\fReeLanCer\Apptus\Jewellery\Jewellery\Jewellery.Web\Designs\controllers\DesignController.js
F:\sTuDy\fReeLanCer\Apptus\Jewellery\Jewellery\Jewellery.Web\Designs\controllers\DesignController.js.map
F:\sTuDy\fReeLanCer\Apptus\Jewellery\Jewellery\Jewellery.Web\Designs\model\Design.js
F:\sTuDy\fReeLanCer\Apptus\Jewellery\Jewellery\Jewellery.Web\Designs\model\Design.js.map
F:\sTuDy\fReeLanCer\Apptus\Jewellery\Jewellery\Jewellery.Web\Designs\services\DesignerService.js
F:\sTuDy\fReeLanCer\Apptus\Jewellery\Jewellery\Jewellery.Web\Designs\services\DesignerService.js.map
F:\sTuDy\fReeLanCer\Apptus\Jewellery\Jewellery\Jewellery.Web\Items\service\ItemService.js
F:\sTuDy\fReeLanCer\Apptus\Jewellery\Jewellery\Jewellery.Web\Items\service\ItemService.js.map
